#
# There is insufficient memory for the Java Runtime Environment to continue.
# Native memory allocation (malloc) failed to allocate 1355376 bytes for Chunk::new
# Possible reasons:
#   The system is out of physical RAM or swap space
#   The process is running with CompressedOops enabled, and the Java Heap may be blocking the growth of the native heap
# Possible solutions:
#   Reduce memory load on the system
#   Increase physical memory or swap space
#   Check if swap backing store is full
#   Decrease Java heap size (-Xmx/-Xms)
#   Decrease number of Java threads
#   Decrease Java thread stack sizes (-Xss)
#   Set larger code cache with -XX:ReservedCodeCacheSize=
#   JVM is running with Unscaled Compressed Oops mode in which the Java heap is
#     placed in the first 4GB address space. The Java Heap base address is the
#     maximum limit for the native heap growth. Please use -XX:HeapBaseMinAddress
#     to set the Java Heap base and to place the Java Heap above 4GB virtual address.
# This output file may be truncated or incomplete.
#
#  Out of Memory Error (arena.cpp:191), pid=27292, tid=22848
#
# JRE version: OpenJDK Runtime Environment Temurin-17.0.9+9 (17.0.9+9) (build 17.0.9+9)
# Java VM: OpenJDK 64-Bit Server VM Temurin-17.0.9+9 (17.0.9+9, mixed mode, sharing, tiered, compressed oops, compressed class ptrs, g1 gc, windows-amd64)
# No core dump will be written. Minidumps are not enabled by default on client versions of Windows
#

---------------  S U M M A R Y ------------

Command Line: -Xmx512m -DlanguageId_xjal=en012ehx7 -DflowchartCountersVisible_xjal=true -DbuiltInTileCachePath_xjal=C:\Program Files\AnyLogic 8.9 Personal Learning Edition\plugins\com.anylogic.gis_8.9.2.202410172112\tiles -DflowchartPortStateAnimated_xjal=true -DenableWarnings_xjal=true -DenableObject3DLod_xjal=true -DstandaloneBrowserPath_xjal=C:/Program Files/AnyLogic 8.9 Personal Learning Edition/chromium/chromium-win64/chrome.exe -DstandaloneBrowserCommandArguments_xjal=--app=$1 -DanylogicIncomingPort_xjal=7880 -DbrowserUserDataPath_xjal=--user-data-dir=C:\Users\Data\.AnyLogicPLE\Workspace8.8\chromium\userData -DuseProxy_xjal=false -Dfile.encoding=UTF-8 -XX:+ShowCodeDetailsInExceptionMessages com.anylogic.ms.MS projet_ransomware.Simulation 1b83837

Host: AMD Ryzen 5 2500U with Radeon Vega Mobile Gfx  , 8 cores, 13G,  Windows 11 , 64 bit Build 22621 (10.0.22621.457)
Time: Thu Nov  7 22:16:38 2024 Paris, Madrid elapsed time: 281.994104 seconds (0d 0h 4m 41s)

---------------  T H R E A D  ---------------

Current thread (0x000002607252fef0):  JavaThread "C2 CompilerThread0" daemon [_thread_in_native, id=22848, stack(0x0000009eec400000,0x0000009eec500000)]


Current CompileTask:
C2: 281994 5296       4       org.eclipse.jetty.server.HttpConnection$SendCallback::process (855 bytes)

Stack: [0x0000009eec400000,0x0000009eec500000]
Native frames: (J=compiled Java code, j=interpreted, Vv=VM code, C=native code)
V  [jvm.dll+0x67cf49]
V  [jvm.dll+0x83478a]
V  [jvm.dll+0x83624e]
V  [jvm.dll+0x8368b3]
V  [jvm.dll+0x247f1f]
V  [jvm.dll+0xac43c]
V  [jvm.dll+0xaca8c]
V  [jvm.dll+0x367012]
V  [jvm.dll+0x3313ba]
V  [jvm.dll+0x33085a]
V  [jvm.dll+0x21a5b1]
V  [jvm.dll+0x2199d1]
V  [jvm.dll+0x1a57cd]
V  [jvm.dll+0x2297ae]
V  [jvm.dll+0x22797c]
V  [jvm.dll+0x7e9877]
V  [jvm.dll+0x7e3c3a]
V  [jvm.dll+0x67be35]
C  [ucrtbase.dll+0x29363]
C  [KERNEL32.DLL+0x1244d]
C  [ntdll.dll+0x5df78]


---------------  P R O C E S S  ---------------

Threads class SMR info:
_java_thread_list=0x0000026077f41390, length=27, elements={
0x000002607251bb90, 0x000002607251c660, 0x0000026072529250, 0x000002607252db40,
0x000002607252e410, 0x000002607252ece0, 0x000002607252fef0, 0x0000026072569fa0,
0x00000260726e8010, 0x00000260727a2670, 0x00000260727b6a00, 0x00000260772c7df0,
0x00000260579c79d0, 0x00000260778374e0, 0x00000260778379c0, 0x0000026077832110,
0x00000260778325f0, 0x0000026077832ad0, 0x00000260779f5830, 0x00000260779f4e10,
0x00000260779f34c0, 0x00000260779f39d0, 0x00000260779f2080, 0x00000260779f2aa0,
0x00000260779f43f0, 0x00000260779f4900, 0x00000260779f2590
}

Java Threads: ( => current thread )
  0x000002607251bb90 JavaThread "Reference Handler" daemon [_thread_blocked, id=3560, stack(0x0000009eebe00000,0x0000009eebf00000)]
  0x000002607251c660 JavaThread "Finalizer" daemon [_thread_blocked, id=8840, stack(0x0000009eebf00000,0x0000009eec000000)]
  0x0000026072529250 JavaThread "Signal Dispatcher" daemon [_thread_blocked, id=4852, stack(0x0000009eec000000,0x0000009eec100000)]
  0x000002607252db40 JavaThread "Attach Listener" daemon [_thread_blocked, id=14620, stack(0x0000009eec100000,0x0000009eec200000)]
  0x000002607252e410 JavaThread "Service Thread" daemon [_thread_blocked, id=20500, stack(0x0000009eec200000,0x0000009eec300000)]
  0x000002607252ece0 JavaThread "Monitor Deflation Thread" daemon [_thread_blocked, id=20620, stack(0x0000009eec300000,0x0000009eec400000)]
=>0x000002607252fef0 JavaThread "C2 CompilerThread0" daemon [_thread_in_native, id=22848, stack(0x0000009eec400000,0x0000009eec500000)]
  0x0000026072569fa0 JavaThread "C1 CompilerThread0" daemon [_thread_blocked, id=13008, stack(0x0000009eec500000,0x0000009eec600000)]
  0x00000260726e8010 JavaThread "Sweeper thread" daemon [_thread_blocked, id=1924, stack(0x0000009eec600000,0x0000009eec700000)]
  0x00000260727a2670 JavaThread "Notification Thread" daemon [_thread_blocked, id=24012, stack(0x0000009eec700000,0x0000009eec800000)]
  0x00000260727b6a00 JavaThread "Common-Cleaner" daemon [_thread_blocked, id=24140, stack(0x0000009eec900000,0x0000009eeca00000)]
  0x00000260772c7df0 JavaThread "Thread-0" [_thread_blocked, id=23520, stack(0x0000009eed100000,0x0000009eed200000)]
  0x00000260579c79d0 JavaThread "DestroyJavaVM" [_thread_blocked, id=25540, stack(0x0000009eeb700000,0x0000009eeb800000)]
  0x00000260778374e0 JavaThread "qtp1025772182-19" [_thread_in_native, id=23244, stack(0x0000009eed200000,0x0000009eed300000)]
  0x00000260778379c0 JavaThread "qtp1025772182-20" [_thread_blocked, id=27512, stack(0x0000009eed300000,0x0000009eed400000)]
  0x0000026077832110 JavaThread "qtp1025772182-21" [_thread_in_native, id=10360, stack(0x0000009eed400000,0x0000009eed500000)]
  0x00000260778325f0 JavaThread "qtp1025772182-22" [_thread_in_native, id=16784, stack(0x0000009eed500000,0x0000009eed600000)]
  0x0000026077832ad0 JavaThread "qtp1025772182-23" [_thread_in_native, id=8380, stack(0x0000009eed600000,0x0000009eed700000)]
  0x00000260779f5830 JavaThread "qtp1025772182-24-acceptor-0@1066e035-ServerConnector@66bc0661{HTTP/1.1, (http/1.1)}{0.0.0.0:23145}" [_thread_in_native, id=22700, stack(0x0000009eed700000,0x0000009eed800000)]
  0x00000260779f4e10 JavaThread "qtp1025772182-25" [_thread_blocked, id=13852, stack(0x0000009eed800000,0x0000009eed900000)]
  0x00000260779f34c0 JavaThread "Session-HouseKeeper-745c2288-1" [_thread_blocked, id=5732, stack(0x0000009eed900000,0x0000009eeda00000)]
  0x00000260779f39d0 JavaThread "Connector-Scheduler-66bc0661-1" [_thread_blocked, id=25768, stack(0x0000009eeda00000,0x0000009eedb00000)]
  0x00000260779f2080 JavaThread "qtp1025772182-30" [_thread_blocked, id=3760, stack(0x0000009eedd00000,0x0000009eede00000)]
  0x00000260779f2aa0 JavaThread "Frame Collector" [_thread_blocked, id=6596, stack(0x0000009eedf00000,0x0000009eee000000)]
  0x00000260779f43f0 JavaThread "Java2D Disposer" daemon [_thread_blocked, id=16380, stack(0x0000009eee000000,0x0000009eee100000)]
  0x00000260779f4900 JavaThread "AWT-Windows" daemon [_thread_in_native, id=2084, stack(0x0000009eeed00000,0x0000009eeee00000)]
  0x00000260779f2590 JavaThread "AnyLogic model execution thread" daemon [_thread_in_native, id=9956, stack(0x0000009eeb500000,0x0000009eeb600000)]

Other Threads:
  0x0000026072518130 VMThread "VM Thread" [stack: 0x0000009eebd00000,0x0000009eebe00000] [id=26272]
  0x00000260727a9790 WatcherThread [stack: 0x0000009eec800000,0x0000009eec900000] [id=27528]
  0x00000260579f61e0 GCTaskThread "GC Thread#0" [stack: 0x0000009eeb800000,0x0000009eeb900000] [id=20908]
  0x0000026077590e20 GCTaskThread "GC Thread#1" [stack: 0x0000009eeca00000,0x0000009eecb00000] [id=13376]
  0x0000026077578690 GCTaskThread "GC Thread#2" [stack: 0x0000009eecb00000,0x0000009eecc00000] [id=27040]
  0x0000026077578950 GCTaskThread "GC Thread#3" [stack: 0x0000009eecc00000,0x0000009eecd00000] [id=27412]
  0x0000026077578c10 GCTaskThread "GC Thread#4" [stack: 0x0000009eecd00000,0x0000009eece00000] [id=20048]
  0x00000260775e1d90 GCTaskThread "GC Thread#5" [stack: 0x0000009eece00000,0x0000009eecf00000] [id=19404]
  0x0000026077529900 GCTaskThread "GC Thread#6" [stack: 0x0000009eecf00000,0x0000009eed000000] [id=27264]
  0x000002607802dfe0 GCTaskThread "GC Thread#7" [stack: 0x0000009eee100000,0x0000009eee200000] [id=3000]
  0x00000260579fb040 ConcurrentGCThread "G1 Main Marker" [stack: 0x0000009eeb900000,0x0000009eeba00000] [id=26488]
  0x00000260579fb970 ConcurrentGCThread "G1 Conc#0" [stack: 0x0000009eeba00000,0x0000009eebb00000] [id=12292]
  0x0000026077c70720 ConcurrentGCThread "G1 Conc#1" [stack: 0x0000009eee300000,0x0000009eee400000] [id=23392]
  0x0000026057a6e780 ConcurrentGCThread "G1 Refine#0" [stack: 0x0000009eebb00000,0x0000009eebc00000] [id=25916]
  0x00000260786facd0 ConcurrentGCThread "G1 Refine#1" [stack: 0x0000009eee500000,0x0000009eee600000] [id=27136]
  0x0000026078636350 ConcurrentGCThread "G1 Refine#2" [stack: 0x0000009eee600000,0x0000009eee700000] [id=8876]
  0x0000026078fd1af0 ConcurrentGCThread "G1 Refine#3" [stack: 0x0000009eee700000,0x0000009eee800000] [id=25432]
  0x0000026078f16bc0 ConcurrentGCThread "G1 Refine#4" [stack: 0x0000009eee800000,0x0000009eee900000] [id=20852]
  0x0000026078cb38a0 ConcurrentGCThread "G1 Refine#5" [stack: 0x0000009eee900000,0x0000009eeea00000] [id=19764]
  0x0000026078cb3b90 ConcurrentGCThread "G1 Refine#6" [stack: 0x0000009eeea00000,0x0000009eeeb00000] [id=13420]
  0x0000026077360870 ConcurrentGCThread "G1 Refine#7" [stack: 0x0000009eeeb00000,0x0000009eeec00000] [id=9696]
  0x00000260723d62c0 ConcurrentGCThread "G1 Service" [stack: 0x0000009eebc00000,0x0000009eebd00000] [id=22948]

Threads with active compile tasks:
C2 CompilerThread0   282092 5296       4       org.eclipse.jetty.server.HttpConnection$SendCallback::process (855 bytes)

VM state: not at safepoint (normal execution)

VM Mutex/Monitor currently owned by a thread: None

Heap address: 0x00000000e0000000, size: 512 MB, Compressed Oops mode: 32-bit

CDS archive(s) mapped at: [0x0000026000000000-0x0000026000ba0000-0x0000026000ba0000), size 12189696, SharedBaseAddress: 0x0000026000000000, ArchiveRelocationMode: 1.
Compressed class space mapped at: 0x0000026001000000-0x0000026041000000, reserved size: 1073741824
Narrow klass base: 0x0000026000000000, Narrow klass shift: 0, Narrow klass range: 0x100000000

GC Precious Log:
 CPUs: 8 total, 8 available
 Memory: 14291M
 Large Page Support: Disabled
 NUMA Support: Disabled
 Compressed Oops: Enabled (32-bit)
 Heap Region Size: 1M
 Heap Min Capacity: 8M
 Heap Initial Capacity: 224M
 Heap Max Capacity: 512M
 Pre-touch: Disabled
 Parallel Workers: 8
 Concurrent Workers: 2
 Concurrent Refinement Workers: 8
 Periodic GC: Disabled

Heap:
 garbage-first heap   total 53248K, used 35504K [0x00000000e0000000, 0x0000000100000000)
  region size 1024K, 9 young (9216K), 1 survivors (1024K)
 Metaspace       used 32278K, committed 32512K, reserved 1114112K
  class space    used 3602K, committed 3712K, reserved 1048576K

Heap Regions: E=young(eden), S=young(survivor), O=old, HS=humongous(starts), HC=humongous(continues), CS=collection set, F=free, OA=open archive, CA=closed archive, TAMS=top-at-mark-start (previous, next)
|   0|0x00000000e0000000, 0x00000000e0100000, 0x00000000e0100000|100%| O|  |TAMS 0x00000000e0100000, 0x00000000e0000000| Untracked 
|   1|0x00000000e0100000, 0x00000000e0200000, 0x00000000e0200000|100%| O|  |TAMS 0x00000000e0200000, 0x00000000e0100000| Untracked 
|   2|0x00000000e0200000, 0x00000000e0300000, 0x00000000e0300000|100%| O|  |TAMS 0x00000000e0300000, 0x00000000e0200000| Untracked 
|   3|0x00000000e0300000, 0x00000000e0400000, 0x00000000e0400000|100%| O|  |TAMS 0x00000000e0400000, 0x00000000e0300000| Untracked 
|   4|0x00000000e0400000, 0x00000000e0500000, 0x00000000e0500000|100%| O|  |TAMS 0x00000000e0500000, 0x00000000e0400000| Untracked 
|   5|0x00000000e0500000, 0x00000000e0569a00, 0x00000000e0600000| 41%| O|  |TAMS 0x00000000e0569a00, 0x00000000e0500000| Untracked 
|   6|0x00000000e0600000, 0x00000000e0700000, 0x00000000e0700000|100%| O|  |TAMS 0x00000000e0700000, 0x00000000e0600000| Untracked 
|   7|0x00000000e0700000, 0x00000000e0800000, 0x00000000e0800000|100%| O|  |TAMS 0x00000000e0800000, 0x00000000e0700000| Untracked 
|   8|0x00000000e0800000, 0x00000000e0900000, 0x00000000e0900000|100%| O|  |TAMS 0x00000000e0900000, 0x00000000e0800000| Untracked 
|   9|0x00000000e0900000, 0x00000000e0a00000, 0x00000000e0a00000|100%| O|  |TAMS 0x00000000e0a00000, 0x00000000e0900000| Untracked 
|  10|0x00000000e0a00000, 0x00000000e0b00000, 0x00000000e0b00000|100%| O|  |TAMS 0x00000000e0b00000, 0x00000000e0a00000| Untracked 
|  11|0x00000000e0b00000, 0x00000000e0c00000, 0x00000000e0c00000|100%| O|  |TAMS 0x00000000e0c00000, 0x00000000e0b00000| Untracked 
|  12|0x00000000e0c00000, 0x00000000e0d00000, 0x00000000e0d00000|100%| O|  |TAMS 0x00000000e0d00000, 0x00000000e0c00000| Untracked 
|  13|0x00000000e0d00000, 0x00000000e0e00000, 0x00000000e0e00000|100%| O|  |TAMS 0x00000000e0e00000, 0x00000000e0d00000| Untracked 
|  14|0x00000000e0e00000, 0x00000000e0f00000, 0x00000000e0f00000|100%| O|  |TAMS 0x00000000e0f00000, 0x00000000e0e00000| Untracked 
|  15|0x00000000e0f00000, 0x00000000e1000000, 0x00000000e1000000|100%| O|  |TAMS 0x00000000e1000000, 0x00000000e0f00000| Untracked 
|  16|0x00000000e1000000, 0x00000000e1100000, 0x00000000e1100000|100%| O|  |TAMS 0x00000000e1100000, 0x00000000e1000000| Untracked 
|  17|0x00000000e1100000, 0x00000000e1200000, 0x00000000e1200000|100%| O|  |TAMS 0x00000000e1200000, 0x00000000e1100000| Untracked 
|  18|0x00000000e1200000, 0x00000000e1300000, 0x00000000e1300000|100%| O|  |TAMS 0x00000000e1300000, 0x00000000e1200000| Untracked 
|  19|0x00000000e1300000, 0x00000000e1400000, 0x00000000e1400000|100%| O|  |TAMS 0x00000000e1400000, 0x00000000e1300000| Untracked 
|  20|0x00000000e1400000, 0x00000000e1500000, 0x00000000e1500000|100%| O|  |TAMS 0x00000000e1500000, 0x00000000e1400000| Untracked 
|  21|0x00000000e1500000, 0x00000000e1600000, 0x00000000e1600000|100%| O|  |TAMS 0x00000000e1600000, 0x00000000e1500000| Untracked 
|  22|0x00000000e1600000, 0x00000000e1700000, 0x00000000e1700000|100%| O|  |TAMS 0x00000000e1700000, 0x00000000e1600000| Untracked 
|  23|0x00000000e1700000, 0x00000000e1800000, 0x00000000e1800000|100%| O|  |TAMS 0x00000000e1800000, 0x00000000e1700000| Untracked 
|  24|0x00000000e1800000, 0x00000000e1900000, 0x00000000e1900000|100%| O|  |TAMS 0x00000000e1900000, 0x00000000e1800000| Untracked 
|  25|0x00000000e1900000, 0x00000000e1a00000, 0x00000000e1a00000|100%| O|  |TAMS 0x00000000e1a00000, 0x00000000e1900000| Untracked 
|  26|0x00000000e1a00000, 0x00000000e1b00000, 0x00000000e1b00000|100%| O|  |TAMS 0x00000000e1b00000, 0x00000000e1a00000| Untracked 
|  27|0x00000000e1b00000, 0x00000000e1bb7200, 0x00000000e1c00000| 71%| O|  |TAMS 0x00000000e1bb7200, 0x00000000e1b00000| Untracked 
|  28|0x00000000e1c00000, 0x00000000e1c00000, 0x00000000e1d00000|  0%| F|  |TAMS 0x00000000e1c00000, 0x00000000e1c00000| Untracked 
|  29|0x00000000e1d00000, 0x00000000e1d00000, 0x00000000e1e00000|  0%| F|  |TAMS 0x00000000e1d00000, 0x00000000e1d00000| Untracked 
|  30|0x00000000e1e00000, 0x00000000e1e00000, 0x00000000e1f00000|  0%| F|  |TAMS 0x00000000e1e00000, 0x00000000e1e00000| Untracked 
|  31|0x00000000e1f00000, 0x00000000e1f00000, 0x00000000e2000000|  0%| F|  |TAMS 0x00000000e1f00000, 0x00000000e1f00000| Untracked 
|  32|0x00000000e2000000, 0x00000000e2000000, 0x00000000e2100000|  0%| F|  |TAMS 0x00000000e2000000, 0x00000000e2000000| Untracked 
|  33|0x00000000e2100000, 0x00000000e2100000, 0x00000000e2200000|  0%| F|  |TAMS 0x00000000e2100000, 0x00000000e2100000| Untracked 
|  34|0x00000000e2200000, 0x00000000e2200000, 0x00000000e2300000|  0%| F|  |TAMS 0x00000000e2200000, 0x00000000e2200000| Untracked 
|  35|0x00000000e2300000, 0x00000000e2300000, 0x00000000e2400000|  0%| F|  |TAMS 0x00000000e2300000, 0x00000000e2300000| Untracked 
|  36|0x00000000e2400000, 0x00000000e2400000, 0x00000000e2500000|  0%| F|  |TAMS 0x00000000e2400000, 0x00000000e2400000| Untracked 
|  37|0x00000000e2500000, 0x00000000e258b7c0, 0x00000000e2600000| 54%| S|CS|TAMS 0x00000000e2500000, 0x00000000e2500000| Complete 
|  38|0x00000000e2600000, 0x00000000e2600000, 0x00000000e2700000|  0%| F|  |TAMS 0x00000000e2600000, 0x00000000e2600000| Untracked 
|  39|0x00000000e2700000, 0x00000000e2700000, 0x00000000e2800000|  0%| F|  |TAMS 0x00000000e2700000, 0x00000000e2700000| Untracked 
|  40|0x00000000e2800000, 0x00000000e2800000, 0x00000000e2900000|  0%| F|  |TAMS 0x00000000e2800000, 0x00000000e2800000| Untracked 
|  41|0x00000000e2900000, 0x00000000e2900000, 0x00000000e2a00000|  0%| F|  |TAMS 0x00000000e2900000, 0x00000000e2900000| Untracked 
|  42|0x00000000e2a00000, 0x00000000e2a00000, 0x00000000e2b00000|  0%| F|  |TAMS 0x00000000e2a00000, 0x00000000e2a00000| Untracked 
|  43|0x00000000e2b00000, 0x00000000e2b00000, 0x00000000e2c00000|  0%| F|  |TAMS 0x00000000e2b00000, 0x00000000e2b00000| Untracked 
|  44|0x00000000e2c00000, 0x00000000e2c8f738, 0x00000000e2d00000| 56%| E|  |TAMS 0x00000000e2c00000, 0x00000000e2c00000| Complete 
|  45|0x00000000e2d00000, 0x00000000e2e00000, 0x00000000e2e00000|100%| E|CS|TAMS 0x00000000e2d00000, 0x00000000e2d00000| Complete 
| 206|0x00000000ece00000, 0x00000000ecf00000, 0x00000000ecf00000|100%| E|CS|TAMS 0x00000000ece00000, 0x00000000ece00000| Complete 
| 207|0x00000000ecf00000, 0x00000000ed000000, 0x00000000ed000000|100%| E|CS|TAMS 0x00000000ecf00000, 0x00000000ecf00000| Complete 
| 208|0x00000000ed000000, 0x00000000ed100000, 0x00000000ed100000|100%| E|CS|TAMS 0x00000000ed000000, 0x00000000ed000000| Complete 
| 209|0x00000000ed100000, 0x00000000ed200000, 0x00000000ed200000|100%| E|CS|TAMS 0x00000000ed100000, 0x00000000ed100000| Complete 
| 210|0x00000000ed200000, 0x00000000ed300000, 0x00000000ed300000|100%| E|CS|TAMS 0x00000000ed200000, 0x00000000ed200000| Complete 
| 223|0x00000000edf00000, 0x00000000ee000000, 0x00000000ee000000|100%| E|CS|TAMS 0x00000000edf00000, 0x00000000edf00000| Complete 

Card table byte_map: [0x000002606e900000,0x000002606ea00000] _byte_map_base: 0x000002606e200000

Marking Bits (Prev, Next): (CMBitMap*) 0x00000260579f6710, (CMBitMap*) 0x00000260579f6750
 Prev Bits: [0x000002606eb00000, 0x000002606f300000)
 Next Bits: [0x000002606f300000, 0x000002606fb00000)

Polling page: 0x0000026057170000

Metaspace:

Usage:
  Non-class:     28.00 MB used.
      Class:      3.52 MB used.
       Both:     31.52 MB used.

Virtual space:
  Non-class space:       64.00 MB reserved,      28.12 MB ( 44%) committed,  1 nodes.
      Class space:        1.00 GB reserved,       3.62 MB ( <1%) committed,  1 nodes.
             Both:        1.06 GB reserved,      31.75 MB (  3%) committed. 

Chunk freelists:
   Non-Class:  3.69 MB
       Class:  12.38 MB
        Both:  16.07 MB

MaxMetaspaceSize: unlimited
CompressedClassSpaceSize: 1.00 GB
Initial GC threshold: 21.00 MB
Current GC threshold: 52.94 MB
CDS: on
MetaspaceReclaimPolicy: balanced
 - commit_granule_bytes: 65536.
 - commit_granule_words: 8192.
 - virtual_space_node_default_size: 8388608.
 - enlarge_chunks_in_place: 1.
 - new_chunks_are_fully_committed: 0.
 - uncommit_free_chunks: 1.
 - use_allocation_guard: 0.
 - handle_deallocations: 1.


Internal statistics:

num_allocs_failed_limit: 3.
num_arena_births: 310.
num_arena_deaths: 0.
num_vsnodes_births: 2.
num_vsnodes_deaths: 0.
num_space_committed: 508.
num_space_uncommitted: 0.
num_chunks_returned_to_freelist: 3.
num_chunks_taken_from_freelist: 1167.
num_chunk_merges: 3.
num_chunk_splits: 808.
num_chunks_enlarged: 622.
num_inconsistent_stats: 0.

CodeHeap 'non-profiled nmethods': size=120000Kb used=2799Kb max_used=2963Kb free=117200Kb
 bounds [0x0000026066fa0000, 0x0000026067290000, 0x000002606e4d0000]
CodeHeap 'profiled nmethods': size=120000Kb used=8501Kb max_used=10586Kb free=111499Kb
 bounds [0x000002605f4d0000, 0x000002605ff30000, 0x0000026066a00000]
CodeHeap 'non-nmethods': size=5760Kb used=1400Kb max_used=1459Kb free=4359Kb
 bounds [0x0000026066a00000, 0x0000026066c70000, 0x0000026066fa0000]
 total_blobs=5152 nmethods=4401 adapters=662
 compilation: enabled
              stopped_count=0, restarted_count=0
 full_count=0

Compilation events (20 events):
Event: 273.046 Thread 0x000002607252fef0 nmethod 5286 0x0000026067185810 code [0x0000026067185980, 0x0000026067185a18]
Event: 273.088 Thread 0x000002607252fef0 5287       4       sun.nio.ch.SocketDispatcher::read (8 bytes)
Event: 273.088 Thread 0x0000026072569fa0 5288       3       java.util.regex.Pattern::single (82 bytes)
Event: 273.089 Thread 0x000002607252fef0 nmethod 5287 0x000002606704c390 code [0x000002606704c520, 0x000002606704c5c8]
Event: 273.091 Thread 0x0000026072569fa0 nmethod 5288 0x000002605f509910 code [0x000002605f509c40, 0x000002605f50b0b8]
Event: 273.091 Thread 0x0000026072569fa0 5289       3       java.lang.StringBuilder::append (8 bytes)
Event: 273.092 Thread 0x0000026072569fa0 nmethod 5289 0x000002605f69fe10 code [0x000002605f69ffa0, 0x000002605f6a00e8]
Event: 273.092 Thread 0x0000026072569fa0 5290       3       java.lang.AbstractStringBuilder::append (54 bytes)
Event: 273.093 Thread 0x0000026072569fa0 nmethod 5290 0x000002605f803210 code [0x000002605f803440, 0x000002605f803da8]
Event: 273.557 Thread 0x000002607252fef0 5291   !   4       org.eclipse.jetty.io.ChannelEndPoint::fill (128 bytes)
Event: 273.600 Thread 0x000002607252fef0 nmethod 5291 0x00000260671b3990 code [0x00000260671b3c20, 0x00000260671b4b50]
Event: 274.273 Thread 0x0000026072569fa0 5292       3       java.util.regex.Pattern$BranchConn::study (5 bytes)
Event: 274.274 Thread 0x0000026072569fa0 nmethod 5292 0x000002605f6a2290 code [0x000002605f6a2420, 0x000002605f6a2538]
Event: 274.324 Thread 0x000002607252fef0 5293   !   4       java.util.concurrent.ConcurrentHashMap::clear (176 bytes)
Event: 274.334 Thread 0x000002607252fef0 nmethod 5293 0x000002606704ba90 code [0x000002606704bc20, 0x000002606704c078]
Event: 276.114 Thread 0x000002607252fef0 5294       4       com.fasterxml.jackson.databind.ser.std.NumberSerializers$DoubleSerializer::serialize (12 bytes)
Event: 276.174 Thread 0x000002607252fef0 nmethod 5294 0x0000026067012e90 code [0x0000026067013100, 0x0000026067013ee0]
Event: 278.179 Thread 0x000002607252fef0 5295       4       org.eclipse.jetty.http.HttpFields::get (38 bytes)
Event: 278.221 Thread 0x000002607252fef0 nmethod 5295 0x0000026067007290 code [0x0000026067007440, 0x0000026067007e38]
Event: 281.767 Thread 0x000002607252fef0 5296       4       org.eclipse.jetty.server.HttpConnection$SendCallback::process (855 bytes)

GC Heap History (20 events):
Event: 27.385 GC heap before
{Heap before GC invocations=8 (full 0):
 garbage-first heap   total 40960K, used 27997K [0x00000000e0000000, 0x0000000100000000)
  region size 1024K, 11 young (11264K), 3 survivors (3072K)
 Metaspace       used 26427K, committed 26688K, reserved 1114112K
  class space    used 3001K, committed 3136K, reserved 1048576K
}
Event: 27.398 GC heap after
{Heap after GC invocations=9 (full 0):
 garbage-first heap   total 40960K, used 22446K [0x00000000e0000000, 0x0000000100000000)
  region size 1024K, 2 young (2048K), 2 survivors (2048K)
 Metaspace       used 26427K, committed 26688K, reserved 1114112K
  class space    used 3001K, committed 3136K, reserved 1048576K
}
Event: 28.081 GC heap before
{Heap before GC invocations=9 (full 0):
 garbage-first heap   total 40960K, used 28590K [0x00000000e0000000, 0x0000000100000000)
  region size 1024K, 8 young (8192K), 2 survivors (2048K)
 Metaspace       used 28388K, committed 28672K, reserved 1114112K
  class space    used 3212K, committed 3328K, reserved 1048576K
}
Event: 28.090 GC heap after
{Heap after GC invocations=10 (full 0):
 garbage-first heap   total 40960K, used 23906K [0x00000000e0000000, 0x0000000100000000)
  region size 1024K, 1 young (1024K), 1 survivors (1024K)
 Metaspace       used 28388K, committed 28672K, reserved 1114112K
  class space    used 3212K, committed 3328K, reserved 1048576K
}
Event: 29.141 GC heap before
{Heap before GC invocations=11 (full 0):
 garbage-first heap   total 43008K, used 29026K [0x00000000e0000000, 0x0000000100000000)
  region size 1024K, 7 young (7168K), 1 survivors (1024K)
 Metaspace       used 30694K, committed 31040K, reserved 1114112K
  class space    used 3539K, committed 3712K, reserved 1048576K
}
Event: 29.148 GC heap after
{Heap after GC invocations=12 (full 0):
 garbage-first heap   total 43008K, used 25496K [0x00000000e0000000, 0x0000000100000000)
  region size 1024K, 1 young (1024K), 1 survivors (1024K)
 Metaspace       used 30694K, committed 31040K, reserved 1114112K
  class space    used 3539K, committed 3712K, reserved 1048576K
}
Event: 40.405 GC heap before
{Heap before GC invocations=12 (full 0):
 garbage-first heap   total 43008K, used 30616K [0x00000000e0000000, 0x0000000100000000)
  region size 1024K, 7 young (7168K), 1 survivors (1024K)
 Metaspace       used 31162K, committed 31488K, reserved 1114112K
  class space    used 3572K, committed 3712K, reserved 1048576K
}
Event: 40.408 GC heap after
{Heap after GC invocations=13 (full 0):
 garbage-first heap   total 43008K, used 26467K [0x00000000e0000000, 0x0000000100000000)
  region size 1024K, 1 young (1024K), 1 survivors (1024K)
 Metaspace       used 31162K, committed 31488K, reserved 1114112K
  class space    used 3572K, committed 3712K, reserved 1048576K
}
Event: 51.289 GC heap before
{Heap before GC invocations=14 (full 0):
 garbage-first heap   total 48128K, used 30563K [0x00000000e0000000, 0x0000000100000000)
  region size 1024K, 6 young (6144K), 1 survivors (1024K)
 Metaspace       used 31232K, committed 31488K, reserved 1114112K
  class space    used 3572K, committed 3712K, reserved 1048576K
}
Event: 51.291 GC heap after
{Heap after GC invocations=15 (full 0):
 garbage-first heap   total 48128K, used 26796K [0x00000000e0000000, 0x0000000100000000)
  region size 1024K, 1 young (1024K), 1 survivors (1024K)
 Metaspace       used 31232K, committed 31488K, reserved 1114112K
  class space    used 3572K, committed 3712K, reserved 1048576K
}
Event: 67.792 GC heap before
{Heap before GC invocations=15 (full 0):
 garbage-first heap   total 48128K, used 34988K [0x00000000e0000000, 0x0000000100000000)
  region size 1024K, 9 young (9216K), 1 survivors (1024K)
 Metaspace       used 31388K, committed 31680K, reserved 1114112K
  class space    used 3572K, committed 3712K, reserved 1048576K
}
Event: 67.795 GC heap after
{Heap after GC invocations=16 (full 0):
 garbage-first heap   total 48128K, used 27266K [0x00000000e0000000, 0x0000000100000000)
  region size 1024K, 1 young (1024K), 1 survivors (1024K)
 Metaspace       used 31388K, committed 31680K, reserved 1114112K
  class space    used 3572K, committed 3712K, reserved 1048576K
}
Event: 86.939 GC heap before
{Heap before GC invocations=17 (full 0):
 garbage-first heap   total 50176K, used 35458K [0x00000000e0000000, 0x0000000100000000)
  region size 1024K, 10 young (10240K), 1 survivors (1024K)
 Metaspace       used 31518K, committed 31808K, reserved 1114112K
  class space    used 3572K, committed 3712K, reserved 1048576K
}
Event: 86.941 GC heap after
{Heap after GC invocations=18 (full 0):
 garbage-first heap   total 50176K, used 27820K [0x00000000e0000000, 0x0000000100000000)
  region size 1024K, 2 young (2048K), 2 survivors (2048K)
 Metaspace       used 31518K, committed 31808K, reserved 1114112K
  class space    used 3572K, committed 3712K, reserved 1048576K
}
Event: 93.887 GC heap before
{Heap before GC invocations=18 (full 0):
 garbage-first heap   total 50176K, used 37036K [0x00000000e0000000, 0x0000000100000000)
  region size 1024K, 12 young (12288K), 2 survivors (2048K)
 Metaspace       used 31885K, committed 32192K, reserved 1114112K
  class space    used 3600K, committed 3712K, reserved 1048576K
}
Event: 93.891 GC heap after
{Heap after GC invocations=19 (full 0):
 garbage-first heap   total 50176K, used 28336K [0x00000000e0000000, 0x0000000100000000)
  region size 1024K, 2 young (2048K), 2 survivors (2048K)
 Metaspace       used 31885K, committed 32192K, reserved 1114112K
  class space    used 3600K, committed 3712K, reserved 1048576K
}
Event: 97.619 GC heap before
{Heap before GC invocations=20 (full 0):
 garbage-first heap   total 53248K, used 38576K [0x00000000e0000000, 0x0000000100000000)
  region size 1024K, 12 young (12288K), 2 survivors (2048K)
 Metaspace       used 31949K, committed 32192K, reserved 1114112K
  class space    used 3600K, committed 3712K, reserved 1048576K
}
Event: 97.621 GC heap after
{Heap after GC invocations=21 (full 0):
 garbage-first heap   total 53248K, used 28331K [0x00000000e0000000, 0x0000000100000000)
  region size 1024K, 1 young (1024K), 1 survivors (1024K)
 Metaspace       used 31949K, committed 32192K, reserved 1114112K
  class space    used 3600K, committed 3712K, reserved 1048576K
}
Event: 206.606 GC heap before
{Heap before GC invocations=21 (full 0):
 garbage-first heap   total 53248K, used 41643K [0x00000000e0000000, 0x0000000100000000)
  region size 1024K, 14 young (14336K), 1 survivors (1024K)
 Metaspace       used 32248K, committed 32512K, reserved 1114112K
  class space    used 3602K, committed 3712K, reserved 1048576K
}
Event: 206.608 GC heap after
{Heap after GC invocations=22 (full 0):
 garbage-first heap   total 53248K, used 28336K [0x00000000e0000000, 0x0000000100000000)
  region size 1024K, 1 young (1024K), 1 survivors (1024K)
 Metaspace       used 32248K, committed 32512K, reserved 1114112K
  class space    used 3602K, committed 3712K, reserved 1048576K
}

Dll operation events (13 events):
Event: 0.071 Loaded shared library C:\Program Files\AnyLogic 8.9 Personal Learning Edition\jre\bin\java.dll
Event: 0.175 Loaded shared library C:\Program Files\AnyLogic 8.9 Personal Learning Edition\jre\bin\jsvml.dll
Event: 0.456 Loaded shared library C:\Program Files\AnyLogic 8.9 Personal Learning Edition\jre\bin\net.dll
Event: 0.466 Loaded shared library C:\Program Files\AnyLogic 8.9 Personal Learning Edition\jre\bin\nio.dll
Event: 0.475 Loaded shared library C:\Program Files\AnyLogic 8.9 Personal Learning Edition\jre\bin\zip.dll
Event: 0.701 Loaded shared library C:\Program Files\AnyLogic 8.9 Personal Learning Edition\jre\bin\jimage.dll
Event: 1.213 Loaded shared library C:\Program Files\AnyLogic 8.9 Personal Learning Edition\jre\bin\awt.dll
Event: 2.476 Loaded shared library C:\Program Files\AnyLogic 8.9 Personal Learning Edition\jre\bin\verify.dll
Event: 2.728 Loaded shared library C:\Program Files\AnyLogic 8.9 Personal Learning Edition\jre\bin\management.dll
Event: 2.739 Loaded shared library C:\Program Files\AnyLogic 8.9 Personal Learning Edition\jre\bin\management_ext.dll
Event: 3.321 Loaded shared library C:\Program Files\AnyLogic 8.9 Personal Learning Edition\jre\bin\sunmscapi.dll
Event: 7.296 Loaded shared library C:\Program Files\AnyLogic 8.9 Personal Learning Edition\jre\bin\freetype.dll
Event: 7.300 Loaded shared library C:\Program Files\AnyLogic 8.9 Personal Learning Edition\jre\bin\fontmanager.dll

Deoptimization events (20 events):
Event: 117.134 Thread 0x00000260779f2590 DEOPT PACKING pc=0x000002605fed84d8 sp=0x0000009eeb5ff190
Event: 117.134 Thread 0x00000260779f2590 DEOPT UNPACKING pc=0x0000026066a57143 sp=0x0000009eeb5fe668 mode 0
Event: 169.731 Thread 0x00000260779f2590 DEOPT PACKING pc=0x000002605feee683 sp=0x0000009eeb5fe740
Event: 169.731 Thread 0x00000260779f2590 DEOPT UNPACKING pc=0x0000026066a57143 sp=0x0000009eeb5fdbd8 mode 0
Event: 170.519 Thread 0x00000260779f2590 Uncommon trap: trap_request=0xffffffbe fr.pc=0x0000026066faae04 relative=0x00000000000002e4
Event: 170.519 Thread 0x00000260779f2590 Uncommon trap: reason=profile_predicate action=maybe_recompile pc=0x0000026066faae04 method=java.util.regex.Pattern$Slice.match(Ljava/util/regex/Matcher;ILjava/lang/CharSequence;)Z @ 18 c2
Event: 170.519 Thread 0x00000260779f2590 DEOPT PACKING pc=0x0000026066faae04 sp=0x0000009eeb5feda0
Event: 170.519 Thread 0x00000260779f2590 DEOPT UNPACKING pc=0x0000026066a569a3 sp=0x0000009eeb5fed10 mode 2
Event: 179.675 Thread 0x00000260779f2590 Uncommon trap: trap_request=0xffffffbe fr.pc=0x0000026066faae04 relative=0x00000000000002e4
Event: 179.675 Thread 0x00000260779f2590 Uncommon trap: reason=profile_predicate action=maybe_recompile pc=0x0000026066faae04 method=java.util.regex.Pattern$Slice.match(Ljava/util/regex/Matcher;ILjava/lang/CharSequence;)Z @ 18 c2
Event: 179.675 Thread 0x00000260779f2590 DEOPT PACKING pc=0x0000026066faae04 sp=0x0000009eeb5feec0
Event: 179.675 Thread 0x00000260779f2590 DEOPT UNPACKING pc=0x0000026066a569a3 sp=0x0000009eeb5fee30 mode 2
Event: 180.845 Thread 0x00000260779f2590 Uncommon trap: trap_request=0xffffffbe fr.pc=0x0000026066faae04 relative=0x00000000000002e4
Event: 180.845 Thread 0x00000260779f2590 Uncommon trap: reason=profile_predicate action=maybe_recompile pc=0x0000026066faae04 method=java.util.regex.Pattern$Slice.match(Ljava/util/regex/Matcher;ILjava/lang/CharSequence;)Z @ 18 c2
Event: 180.845 Thread 0x00000260779f2590 DEOPT PACKING pc=0x0000026066faae04 sp=0x0000009eeb5feec0
Event: 180.845 Thread 0x00000260779f2590 DEOPT UNPACKING pc=0x0000026066a569a3 sp=0x0000009eeb5fee30 mode 2
Event: 180.975 Thread 0x00000260779f2590 Uncommon trap: trap_request=0xffffffbe fr.pc=0x0000026066faae04 relative=0x00000000000002e4
Event: 180.975 Thread 0x00000260779f2590 Uncommon trap: reason=profile_predicate action=maybe_recompile pc=0x0000026066faae04 method=java.util.regex.Pattern$Slice.match(Ljava/util/regex/Matcher;ILjava/lang/CharSequence;)Z @ 18 c2
Event: 180.975 Thread 0x00000260779f2590 DEOPT PACKING pc=0x0000026066faae04 sp=0x0000009eeb5fee30
Event: 180.975 Thread 0x00000260779f2590 DEOPT UNPACKING pc=0x0000026066a569a3 sp=0x0000009eeb5feda0 mode 2

Classes unloaded (0 events):
No events

Classes redefined (0 events):
No events

Internal exceptions (20 events):
Event: 23.736 Thread 0x0000026077832110 Exception <a 'java/lang/NoSuchMethodError'{0x00000000ed77e730}: 'void java.lang.invoke.DirectMethodHandle$Holder.invokeVirtual(java.lang.Object, java.lang.Object, java.lang.Object, int)'> (0x00000000ed77e730) 
thrown [s\src\hotspot\share\interpreter\linkResolver.cpp, line 759]
Event: 23.738 Thread 0x0000026077832110 Exception <a 'java/lang/NoSuchMethodError'{0x00000000ed786de8}: 'void java.lang.invoke.DirectMethodHandle$Holder.invokeVirtual(java.lang.Object, java.lang.Object, java.lang.Object, java.lang.Object)'> (0x00000000ed786de8) 
thrown [s\src\hotspot\share\interpreter\linkResolver.cpp, line 759]
Event: 23.802 Thread 0x0000026077832110 Exception <a 'java/lang/NoSuchMethodError'{0x00000000ed7c2140}: 'void java.lang.invoke.DirectMethodHandle$Holder.invokeStatic(java.lang.Object, java.lang.Object, java.lang.Object, int)'> (0x00000000ed7c2140) 
thrown [s\src\hotspot\share\interpreter\linkResolver.cpp, line 759]
Event: 23.802 Thread 0x0000026077832110 Exception <a 'java/lang/NoSuchMethodError'{0x00000000ed7c5b50}: 'void java.lang.invoke.DirectMethodHandle$Holder.invokeStaticInit(java.lang.Object, java.lang.Object, java.lang.Object, int)'> (0x00000000ed7c5b50) 
thrown [s\src\hotspot\share\interpreter\linkResolver.cpp, line 759]
Event: 23.887 Thread 0x0000026077832110 Exception <a 'java/lang/NoSuchMethodError'{0x00000000ed5dd048}: 'void java.lang.invoke.DirectMethodHandle$Holder.invokeInterface(java.lang.Object, java.lang.Object, java.lang.Object)'> (0x00000000ed5dd048) 
thrown [s\src\hotspot\share\interpreter\linkResolver.cpp, line 759]
Event: 24.149 Thread 0x0000026077832110 Exception <a 'java/lang/NoSuchMethodError'{0x00000000e21b5630}: 'java.lang.Object java.lang.invoke.DirectMethodHandle$Holder.invokeStaticInit(java.lang.Object, java.lang.Object, java.lang.Object)'> (0x00000000e21b5630) 
thrown [s\src\hotspot\share\interpreter\linkResolver.cpp, line 759]
Event: 24.152 Thread 0x0000026077832110 Exception <a 'java/lang/NoSuchMethodError'{0x00000000e21bbc68}: 'java.lang.Object java.lang.invoke.DirectMethodHandle$Holder.invokeStatic(java.lang.Object, java.lang.Object, int, int)'> (0x00000000e21bbc68) 
thrown [s\src\hotspot\share\interpreter\linkResolver.cpp, line 759]
Event: 24.153 Thread 0x0000026077832110 Exception <a 'java/lang/NoSuchMethodError'{0x00000000e21bf988}: 'java.lang.Object java.lang.invoke.DirectMethodHandle$Holder.invokeStaticInit(java.lang.Object, java.lang.Object, int, int)'> (0x00000000e21bf988) 
thrown [s\src\hotspot\share\interpreter\linkResolver.cpp, line 759]
Event: 24.877 Thread 0x0000026077832110 Exception <a 'java/lang/NoSuchMethodError'{0x00000000e18b8770}: 'java.lang.Object java.lang.invoke.DirectMethodHandle$Holder.newInvokeSpecial(java.lang.Object, java.lang.Object, int, java.lang.Object)'> (0x00000000e18b8770) 
thrown [s\src\hotspot\share\interpreter\linkResolver.cpp, line 759]
Event: 24.879 Thread 0x0000026077832110 Exception <a 'java/lang/NoSuchMethodError'{0x00000000e18bca78}: 'java.lang.Object java.lang.invoke.DirectMethodHandle$Holder.invokeSpecial(java.lang.Object, java.lang.Object, java.lang.Object, int, java.lang.Object)'> (0x00000000e18bca78) 
thrown [s\src\hotspot\share\interpreter\linkResolver.cpp, line 759]
Event: 27.634 Thread 0x00000260778374e0 Implicit null exception at 0x0000026067079130 to 0x00000260670791e0
Event: 28.132 Thread 0x0000026077832110 Exception <a 'java/lang/NoSuchMethodError'{0x00000000edf17bd0}: 'java.lang.Object java.lang.invoke.DirectMethodHandle$Holder.invokeStatic(java.lang.Object, int, java.lang.Object, java.lang.Object, java.lang.Object, java.lang.Object)'> (0x00000000edf17bd0) 
thrown [s\src\hotspot\share\interpreter\linkResolver.cpp, line 759]
Event: 28.409 Thread 0x0000026077832110 Exception <a 'java/lang/ClassNotFoundException'{0x00000000ed20daf8}: com/sun/swing/internal/plaf/metal/resources/spi/metalProvider> (0x00000000ed20daf8) 
thrown [s\src\hotspot\share\classfile\systemDictionary.cpp, line 256]
Event: 28.413 Thread 0x0000026077832110 Exception <a 'java/lang/ClassNotFoundException'{0x00000000ed2114d0}: com/sun/swing/internal/plaf/basic/resources/spi/basicProvider> (0x00000000ed2114d0) 
thrown [s\src\hotspot\share\classfile\systemDictionary.cpp, line 256]
Event: 28.839 Thread 0x0000026077832110 Exception <a 'java/lang/NoSuchMethodError'{0x00000000ed2a6890}: 'int java.lang.invoke.DirectMethodHandle$Holder.invokeSpecial(java.lang.Object, java.lang.Object, java.lang.Object, java.lang.Object)'> (0x00000000ed2a6890) 
thrown [s\src\hotspot\share\interpreter\linkResolver.cpp, line 759]
Event: 28.930 Thread 0x0000026077832110 Exception <a 'java/lang/NoSuchMethodError'{0x00000000ed19e808}: 'java.lang.Object java.lang.invoke.DirectMethodHandle$Holder.invokeStaticInit(java.lang.Object, int)'> (0x00000000ed19e808) 
thrown [s\src\hotspot\share\interpreter\linkResolver.cpp, line 759]
Event: 29.171 Thread 0x0000026077832110 Exception <a 'java/lang/NoSuchMethodError'{0x00000000edf341d8}: 'int java.lang.invoke.DirectMethodHandle$Holder.invokeVirtual(java.lang.Object, java.lang.Object, java.lang.Object)'> (0x00000000edf341d8) 
thrown [s\src\hotspot\share\interpreter\linkResolver.cpp, line 759]
Event: 92.397 Thread 0x00000260779f2aa0 Exception <a 'java/lang/NoSuchMethodError'{0x00000000ed1510d8}: 'void java.lang.invoke.DirectMethodHandle$Holder.invokeStatic(java.lang.Object, int, java.lang.Object)'> (0x00000000ed1510d8) 
thrown [s\src\hotspot\share\interpreter\linkResolver.cpp, line 759]
Event: 92.698 Thread 0x00000260779f2590 Implicit null exception at 0x000002606717b1af to 0x000002606717b23c
Event: 92.699 Thread 0x00000260779f2590 Exception <a 'java/lang/NoSuchMethodError'{0x00000000e2914220}: 'double java.lang.invoke.DirectMethodHandle$Holder.invokeStatic(java.lang.Object, java.lang.Object)'> (0x00000000e2914220) 
thrown [s\src\hotspot\share\interpreter\linkResolver.cpp, line 759]

VM Operations (20 events):
Event: 206.666 Executing VM operation: G1PauseRemark
Event: 206.678 Executing VM operation: G1PauseRemark done
Event: 206.701 Executing VM operation: G1PauseCleanup
Event: 206.701 Executing VM operation: G1PauseCleanup done
Event: 225.912 Executing VM operation: Cleanup
Event: 225.914 Executing VM operation: Cleanup done
Event: 237.031 Executing VM operation: Cleanup
Event: 237.031 Executing VM operation: Cleanup done
Event: 240.677 Executing VM operation: HandshakeAllThreads
Event: 240.677 Executing VM operation: HandshakeAllThreads done
Event: 253.834 Executing VM operation: Cleanup
Event: 253.834 Executing VM operation: Cleanup done
Event: 254.847 Executing VM operation: Cleanup
Event: 254.848 Executing VM operation: Cleanup done
Event: 270.016 Executing VM operation: Cleanup
Event: 270.016 Executing VM operation: Cleanup done
Event: 274.063 Executing VM operation: Cleanup
Event: 274.063 Executing VM operation: Cleanup done
Event: 275.073 Executing VM operation: Cleanup
Event: 275.073 Executing VM operation: Cleanup done

Events (20 events):
Event: 146.691 Thread 0x00000260726e8010 flushing nmethod 0x000002605fe41790
Event: 146.691 Thread 0x00000260726e8010 flushing nmethod 0x000002605fe41b10
Event: 146.691 Thread 0x00000260726e8010 flushing nmethod 0x000002605fe41e90
Event: 146.691 Thread 0x00000260726e8010 flushing nmethod 0x000002605fe43a10
Event: 146.691 Thread 0x00000260726e8010 flushing nmethod 0x000002605fe48310
Event: 146.691 Thread 0x00000260726e8010 flushing nmethod 0x000002605fe4b410
Event: 146.691 Thread 0x00000260726e8010 flushing nmethod 0x000002605fe5c810
Event: 146.692 Thread 0x00000260726e8010 flushing nmethod 0x000002605feba190
Event: 146.692 Thread 0x00000260726e8010 flushing nmethod 0x000002605feba790
Event: 146.692 Thread 0x00000260726e8010 flushing nmethod 0x000002605febac10
Event: 146.692 Thread 0x00000260726e8010 flushing nmethod 0x000002605febb010
Event: 146.692 Thread 0x00000260726e8010 flushing nmethod 0x000002605febd390
Event: 146.692 Thread 0x00000260726e8010 flushing nmethod 0x000002605febf710
Event: 146.692 Thread 0x00000260726e8010 flushing nmethod 0x000002605fed7190
Event: 146.692 Thread 0x00000260726e8010 flushing nmethod 0x000002605fed7d90
Event: 146.692 Thread 0x00000260726e8010 flushing nmethod 0x000002605fedf210
Event: 146.692 Thread 0x00000260726e8010 flushing nmethod 0x000002605fee4510
Event: 146.692 Thread 0x00000260726e8010 flushing nmethod 0x000002605fee6890
Event: 203.906 Thread 0x00000260779f3ee0 Thread exited: 0x00000260779f3ee0
Event: 272.382 Thread 0x00000260777fe320 Thread exited: 0x00000260777fe320


Dynamic libraries:
0x00007ff78d8a0000 - 0x00007ff78d8ae000 	C:\Program Files\AnyLogic 8.9 Personal Learning Edition\jre\bin\javaw.exe
0x00007ff841dd0000 - 0x00007ff841fe4000 	C:\Windows\SYSTEM32\ntdll.dll
0x00007ff840950000 - 0x00007ff840a12000 	C:\Windows\System32\KERNEL32.DLL
0x00007ff83f650000 - 0x00007ff83f9ec000 	C:\Windows\System32\KERNELBASE.dll
0x00007ff83fa90000 - 0x00007ff83fba1000 	C:\Windows\System32\ucrtbase.dll
0x00007fffa25a0000 - 0x00007fffa25b7000 	C:\Program Files\AnyLogic 8.9 Personal Learning Edition\jre\bin\jli.dll
0x00007ff841400000 - 0x00007ff8415ab000 	C:\Windows\System32\USER32.dll
0x00007ff83fbb0000 - 0x00007ff83fbd6000 	C:\Windows\System32\win32u.dll
0x00007ff83fce0000 - 0x00007ff83fd09000 	C:\Windows\System32\GDI32.dll
0x00007ff83f380000 - 0x00007ff83f492000 	C:\Windows\System32\gdi32full.dll
0x00007ff83f9f0000 - 0x00007ff83fa8a000 	C:\Windows\System32\msvcp_win.dll
0x00007fff9b140000 - 0x00007fff9b15b000 	C:\Program Files\AnyLogic 8.9 Personal Learning Edition\jre\bin\VCRUNTIME140.dll
0x00007ff83e4e0000 - 0x00007ff83e76e000 	C:\Windows\WinSxS\amd64_microsoft.windows.common-controls_6595b64144ccf1df_6.0.22621.317_none_a9434687c10c9fa2\COMCTL32.dll
0x00007ff840e80000 - 0x00007ff840f27000 	C:\Windows\System32\msvcrt.dll
0x00007ff841030000 - 0x00007ff841061000 	C:\Windows\System32\IMM32.DLL
0x00007fffb62a0000 - 0x00007fffb62ac000 	C:\Program Files\AnyLogic 8.9 Personal Learning Edition\jre\bin\vcruntime140_1.dll
0x00007fff998b0000 - 0x00007fff9993d000 	C:\Program Files\AnyLogic 8.9 Personal Learning Edition\jre\bin\msvcp140.dll
0x00007fff84fa0000 - 0x00007fff85c01000 	C:\Program Files\AnyLogic 8.9 Personal Learning Edition\jre\bin\server\jvm.dll
0x00007ff8407f0000 - 0x00007ff84089e000 	C:\Windows\System32\ADVAPI32.dll
0x00007ff8408a0000 - 0x00007ff840944000 	C:\Windows\System32\sechost.dll
0x00007ff840d40000 - 0x00007ff840e55000 	C:\Windows\System32\RPCRT4.dll
0x00007ff83f0e0000 - 0x00007ff83f12d000 	C:\Windows\SYSTEM32\POWRPROF.dll
0x00007ff821ca0000 - 0x00007ff821ca9000 	C:\Windows\SYSTEM32\WSOCK32.dll
0x00007ff840a30000 - 0x00007ff840aa1000 	C:\Windows\System32\WS2_32.dll
0x00007ff836920000 - 0x00007ff836954000 	C:\Windows\SYSTEM32\WINMM.dll
0x00007ff8354c0000 - 0x00007ff8354ca000 	C:\Windows\SYSTEM32\VERSION.dll
0x00007ff83f0c0000 - 0x00007ff83f0d3000 	C:\Windows\SYSTEM32\UMPDC.dll
0x00007ff83db90000 - 0x00007ff83dba8000 	C:\Windows\SYSTEM32\kernel.appcore.dll
0x00007ff828170000 - 0x00007ff82817a000 	C:\Program Files\AnyLogic 8.9 Personal Learning Edition\jre\bin\jimage.dll
0x00007ff83eaa0000 - 0x00007ff83ecce000 	C:\Windows\SYSTEM32\DBGHELP.DLL
0x00007ff841070000 - 0x00007ff8413f9000 	C:\Windows\System32\combase.dll
0x00007ff83fbe0000 - 0x00007ff83fcb7000 	C:\Windows\System32\OLEAUT32.dll
0x00007ff83e940000 - 0x00007ff83e972000 	C:\Windows\SYSTEM32\dbgcore.DLL
0x00007ff83f5d0000 - 0x00007ff83f64b000 	C:\Windows\System32\bcryptPrimitives.dll
0x00007fff9b190000 - 0x00007fff9b1b5000 	C:\Program Files\AnyLogic 8.9 Personal Learning Edition\jre\bin\java.dll
0x00007fff9a060000 - 0x00007fff9a137000 	C:\Program Files\AnyLogic 8.9 Personal Learning Edition\jre\bin\jsvml.dll
0x00007ff8415b0000 - 0x00007ff841d8b000 	C:\Windows\System32\SHELL32.dll
0x00007ff83c9c0000 - 0x00007ff83d275000 	C:\Windows\SYSTEM32\windows.storage.dll
0x00007ff83c880000 - 0x00007ff83c9bd000 	C:\Windows\SYSTEM32\wintypes.dll
0x00007ff83fd10000 - 0x00007ff83fe01000 	C:\Windows\System32\SHCORE.dll
0x00007ff840790000 - 0x00007ff8407ee000 	C:\Windows\System32\shlwapi.dll
0x00007ff83f140000 - 0x00007ff83f161000 	C:\Windows\SYSTEM32\profapi.dll
0x00007fffb9920000 - 0x00007fffb9939000 	C:\Program Files\AnyLogic 8.9 Personal Learning Edition\jre\bin\net.dll
0x00007ff837650000 - 0x00007ff83777f000 	C:\Windows\SYSTEM32\WINHTTP.dll
0x00007ff83dfa0000 - 0x00007ff83e009000 	C:\Windows\system32\mswsock.dll
0x00007fffb6b20000 - 0x00007fffb6b36000 	C:\Program Files\AnyLogic 8.9 Personal Learning Edition\jre\bin\nio.dll
0x00007fffb6330000 - 0x00007fffb6348000 	C:\Program Files\AnyLogic 8.9 Personal Learning Edition\jre\bin\zip.dll
0x00007fff99ed0000 - 0x00007fff9a060000 	C:\Program Files\AnyLogic 8.9 Personal Learning Edition\jre\bin\awt.dll
0x00007ff83bc90000 - 0x00007ff83bd27000 	C:\Windows\SYSTEM32\apphelp.dll
0x00007fffe1290000 - 0x00007fffe12a0000 	C:\Program Files\AnyLogic 8.9 Personal Learning Edition\jre\bin\verify.dll
0x00007ff83d4d0000 - 0x00007ff83d4fd000 	C:\Windows\SYSTEM32\IPHLPAPI.DLL
0x00007ff840e70000 - 0x00007ff840e79000 	C:\Windows\System32\NSI.dll
0x00007ff837620000 - 0x00007ff837639000 	C:\Windows\SYSTEM32\dhcpcsvc6.DLL
0x00007ff837600000 - 0x00007ff83761f000 	C:\Windows\SYSTEM32\dhcpcsvc.DLL
0x00007ff83d540000 - 0x00007ff83d632000 	C:\Windows\SYSTEM32\DNSAPI.dll
0x00007fffe0e90000 - 0x00007fffe0e99000 	C:\Program Files\AnyLogic 8.9 Personal Learning Edition\jre\bin\management.dll
0x00007fffde430000 - 0x00007fffde43b000 	C:\Program Files\AnyLogic 8.9 Personal Learning Edition\jre\bin\management_ext.dll
0x00007ff840780000 - 0x00007ff840788000 	C:\Windows\System32\PSAPI.DLL
0x00007fffd27e0000 - 0x00007fffd27ee000 	C:\Program Files\AnyLogic 8.9 Personal Learning Edition\jre\bin\sunmscapi.dll
0x00007ff83f210000 - 0x00007ff83f376000 	C:\Windows\System32\CRYPT32.dll
0x00007ff83e3c0000 - 0x00007ff83e3ed000 	C:\Windows\SYSTEM32\ncrypt.dll
0x00007ff83e380000 - 0x00007ff83e3b7000 	C:\Windows\SYSTEM32\NTASN1.dll
0x00007fffefbc0000 - 0x00007fffefbc8000 	C:\Windows\system32\wshunix.dll
0x00007ff83edc0000 - 0x00007ff83eddb000 	C:\Windows\SYSTEM32\CRYPTSP.dll
0x00007ff83db00000 - 0x00007ff83db35000 	C:\Windows\system32\rsaenh.dll
0x00007ff83e060000 - 0x00007ff83e088000 	C:\Windows\SYSTEM32\USERENV.dll
0x00007ff83e9a0000 - 0x00007ff83e9c8000 	C:\Windows\SYSTEM32\bcrypt.dll
0x00007ff83e260000 - 0x00007ff83e26c000 	C:\Windows\SYSTEM32\CRYPTBASE.dll
0x00007ff8158d0000 - 0x00007ff8158e7000 	C:\Windows\system32\napinsp.dll
0x00007ff8158b0000 - 0x00007ff8158cb000 	C:\Windows\system32\pnrpnsp.dll
0x00007ff815890000 - 0x00007ff8158a1000 	C:\Windows\System32\winrnr.dll
0x00007ff836640000 - 0x00007ff836655000 	C:\Windows\system32\wshbth.dll
0x00007ff815860000 - 0x00007ff815881000 	C:\Windows\system32\nlansp_c.dll
0x00007ff825b90000 - 0x00007ff825b9a000 	C:\Windows\System32\rasadhlp.dll
0x00007ff835640000 - 0x00007ff8356c3000 	C:\Windows\System32\fwpuclnt.dll
0x00007fff99200000 - 0x00007fff99288000 	C:\Program Files\AnyLogic 8.9 Personal Learning Edition\jre\bin\freetype.dll
0x00007fff99120000 - 0x00007fff991f3000 	C:\Program Files\AnyLogic 8.9 Personal Learning Edition\jre\bin\fontmanager.dll
0x00007ff83be40000 - 0x00007ff83beeb000 	C:\Windows\system32\uxtheme.dll
0x00007ff83ff30000 - 0x00007ff84004e000 	C:\Windows\System32\MSCTF.dll
0x00007ff8400e0000 - 0x00007ff84027c000 	C:\Windows\System32\ole32.dll
0x00007ff83c0c0000 - 0x00007ff83c0eb000 	C:\Windows\system32\DWMAPI.DLL
0x00007fff99020000 - 0x00007fff99120000 	C:\Windows\system32\opengl32.dll
0x00007fff99880000 - 0x00007fff998ad000 	C:\Windows\SYSTEM32\GLU32.dll
0x00007ff83bf70000 - 0x00007ff83bfa6000 	C:\Windows\SYSTEM32\dxcore.dll
0x00007fffdb0d0000 - 0x00007fffdb278000 	C:\Windows\system32\d3d9.dll
0x00007ff833920000 - 0x00007ff833adb000 	C:\Windows\System32\DriverStore\FileRepository\u0390451.inf_amd64_39377efdd62734d1\B390182\aticfx64.dll
0x00007fffe1640000 - 0x00007fffe1674000 	C:\Windows\System32\DriverStore\FileRepository\u0390451.inf_amd64_39377efdd62734d1\B390182\atiu9p64.dll
0x00007fffda1c0000 - 0x00007fffdaf15000 	C:\Windows\System32\DriverStore\FileRepository\u0390451.inf_amd64_39377efdd62734d1\B390182\atiumd64.dll
0x00000000568b0000 - 0x00000000577d7000 	C:\Windows\System32\DriverStore\FileRepository\u0390451.inf_amd64_39377efdd62734d1\B390182\atiumd6a.dll
0x00007ff840300000 - 0x00007ff840774000 	C:\Windows\System32\SETUPAPI.dll
0x00007ff830dd0000 - 0x00007ff830e05000 	C:\Windows\SYSTEM32\amdihk64.dll
0x00007ff8379e0000 - 0x00007ff837a29000 	C:\Windows\SYSTEM32\directxdatabasehelper.dll

dbghelp: loaded successfully - version: 4.0.5 - missing functions: none
symbol engine: initialized successfully - sym options: 0x614 - pdb path: .;C:\Program Files\AnyLogic 8.9 Personal Learning Edition\jre\bin;C:\Windows\SYSTEM32;C:\Windows\WinSxS\amd64_microsoft.windows.common-controls_6595b64144ccf1df_6.0.22621.317_none_a9434687c10c9fa2;C:\Program Files\AnyLogic 8.9 Personal Learning Edition\jre\bin\server;C:\Windows\System32\DriverStore\FileRepository\u0390451.inf_amd64_39377efdd62734d1\B390182

VM Arguments:
jvm_args: -Xmx512m -DlanguageId_xjal=en012ehx7 -DflowchartCountersVisible_xjal=true -DbuiltInTileCachePath_xjal=C:\Program Files\AnyLogic 8.9 Personal Learning Edition\plugins\com.anylogic.gis_8.9.2.202410172112\tiles -DflowchartPortStateAnimated_xjal=true -DenableWarnings_xjal=true -DenableObject3DLod_xjal=true -DstandaloneBrowserPath_xjal=C:/Program Files/AnyLogic 8.9 Personal Learning Edition/chromium/chromium-win64/chrome.exe -DstandaloneBrowserCommandArguments_xjal=--app=$1 -DanylogicIncomingPort_xjal=7880 -DbrowserUserDataPath_xjal=--user-data-dir=C:\Users\Data\.AnyLogicPLE\Workspace8.8\chromium\userData -DuseProxy_xjal=false -Dfile.encoding=UTF-8 -XX:+ShowCodeDetailsInExceptionMessages 
java_command: com.anylogic.ms.MS projet_ransomware.Simulation 1b83837
java_class_path (initial): C:\Users\Data\.AnyLogicPLE\Workspace8.8\projet_ransomware_BUILD\classes;C:\Program Files\AnyLogic 8.9 Personal Learning Edition\plugins\com.anylogic.libraries.modules_8.9.2.202410172112\lib\MarkupDescriptors\MarkupDescriptors.jar;C:\Users\Data\Downloads\projet_ransomware 2\projet_ransomware\Pypeline.jar;C:\Program Files\AnyLogic 8.9 Personal Learning Edition\plugins\com.anylogic.engine_8.9.2.202410172112\com.anylogic.engine.jar;C:\Program Files\AnyLogic 8.9 Personal Learning Edition\plugins\com.anylogic.engine.datautil_8.9.2.202410172112\com.anylogic.engine.datautil.jar;C:\Program Files\AnyLogic 8.9 Personal Learning Edition\plugins\com.anylogic.engine.editorapi_8.9.2.202410172112\com.anylogic.engine.editorapi.jar;C:\Program Files\AnyLogic 8.9 Personal Learning Edition\plugins\com.anylogic.engine.generalization_8.9.2.202410172112\com.anylogic.engine.generalization.jar;C:\Program Files\AnyLogic 8.9 Personal Learning Edition\plugins\com.anylogic.engine.sa_8.9.2.202410172112\com.anylogic.engine.sa.jar;C:\Program Files\AnyLogic 8.9 Personal Learning Edition\plugins\com.anylogic.core8_8.9.2.202410172112\com.anylogic.ms.jar;C:\Program Files\AnyLogic 8.9 Personal Learning Edition\plugins\com.anylogic.engine.sa_8.9.2.202410172112\lib\sa\com.anylogic.engine.sa.web.jar;C:\Program Files\AnyLogic 8.9 Personal Learning Edition\plugins\com.anylogic.engine.sa_8.9.2.202410172112\lib\sa\executor-basic-8.3.jar;C:\Program Files\AnyLogic 8.9 Personal Learning Edition\plugins\com.anylogic.engine.sa_8.9.2.202410172112\lib\sa\ioutil-8.3.jar;C:\Program Files\AnyLogic 8.9 Personal Learning Edition\plugins\com.anylogic.engine.sa_8.9.2.202410172112\lib\sa\jackson\jackson-annotations-2.14.3.jar;C:\Program Files\AnyLogic 8.9 Personal Learning Edition\plugins\com.anylogic.engine.sa_8.9.2.202410172112\lib\sa\jackson\jackson-core-2.14.3.jar;C:\Program Files\AnyLogic 8.9 Personal Learning Edition\plugins\com.anylogic.engine.sa_8.9.2.202410172112\lib\sa\jackson\jackson-d
Launcher Type: SUN_STANDARD

[Global flags]
     intx CICompilerCount                          = 4                                         {product} {ergonomic}
     uint ConcGCThreads                            = 2                                         {product} {ergonomic}
     uint G1ConcRefinementThreads                  = 8                                         {product} {ergonomic}
   size_t G1HeapRegionSize                         = 1048576                                   {product} {ergonomic}
    uintx GCDrainStackTargetSize                   = 64                                        {product} {ergonomic}
   size_t InitialHeapSize                          = 234881024                                 {product} {ergonomic}
   size_t MarkStackSize                            = 4194304                                   {product} {ergonomic}
   size_t MaxHeapSize                              = 536870912                                 {product} {command line}
   size_t MaxNewSize                               = 321912832                                 {product} {ergonomic}
   size_t MinHeapDeltaBytes                        = 1048576                                   {product} {ergonomic}
   size_t MinHeapSize                              = 8388608                                   {product} {ergonomic}
    uintx NonNMethodCodeHeapSize                   = 5839372                                {pd product} {ergonomic}
    uintx NonProfiledCodeHeapSize                  = 122909434                              {pd product} {ergonomic}
    uintx ProfiledCodeHeapSize                     = 122909434                              {pd product} {ergonomic}
    uintx ReservedCodeCacheSize                    = 251658240                              {pd product} {ergonomic}
     bool SegmentedCodeCache                       = true                                      {product} {ergonomic}
     bool ShowCodeDetailsInExceptionMessages       = true                                   {manageable} {command line}
   size_t SoftMaxHeapSize                          = 536870912                              {manageable} {ergonomic}
     bool UseCompressedClassPointers               = true                           {product lp64_product} {ergonomic}
     bool UseCompressedOops                        = true                           {product lp64_product} {ergonomic}
     bool UseG1GC                                  = true                                      {product} {ergonomic}
     bool UseLargePagesIndividualAllocation        = false                                  {pd product} {ergonomic}

Logging:
Log output configuration:
 #0: stdout all=warning uptime,level,tags
 #1: stderr all=off uptime,level,tags

Environment Variables:
PATH=C:/Program Files/AnyLogic 8.9 Personal Learning Edition/jre/bin/server;C:/Program Files/AnyLogic 8.9 Personal Learning Edition/jre/bin;c:\Users\Data\AppData\Local\Programs\cursor\resources\app\bin;C:\Program Files\Microsoft MPI\Bin\;C:\Program Files\Microsoft\jdk-11.0.16.101-hotspot\bin;C:\Windows\system32;C:\Windows;C:\Windows\System32\Wbem;C:\Windows\System32\WindowsPowerShell\v1.0\;C:\Windows\System32\OpenSSH\;C:\Program Files\Microsoft SQL Server\Client SDK\ODBC\170\Tools\Binn\;C:\Program Files\Git\cmd;C:\Program Files\Microsoft SQL Server\160\DTS\Binn\;C:\Program Files\Azure Data Studio\bin;C:\Program Files\Microsoft SQL Server\140\DTS\Binn\;C:\Program Files\Microsoft SQL Server\150\DTS\Binn\;C:\Program Files\Docker\Docker\resources\bin;C:\Users\Data\AppData\Local\Programs\Python\Python311\Scripts\;C:\Users\Data\AppData\Local\Programs\Python\Python311\;C:\Users\Data;C:\Program Files (x86)\Microsoft SQL Server\160\Tools\Binn\;C:\Program Files\Microsoft SQL Server\160\Tools\Binn\;C:\Program Files (x86)\Microsoft SQL Server\160\DTS\Binn\;C:\Program Files\Microsoft SQL Server\150\Tools\Binn\;C:\Program Files\dotnet\;C:\Program Files\Microsoft SQL Server\130\DTS\Binn\;C:\Program Files\PuTTY\;C:\Program Files\nodejs\;C:\Users\Data\AppData\Local\Programs\Python\Python311\Scripts\;C:\Users\Data\AppData\Local\Programs\Python\Python311\;C:\Users\Data\anaconda3;C:\Users\Data\anaconda3\Library\mingw-w64\bin;C:\Users\Data\anaconda3\Library\usr\bin;C:\Users\Data\anaconda3\Library\bin;C:\Users\Data\anaconda3\Scripts;C:\Users\Data\AppData\Local\Microsoft\WindowsApps;C:\Program Files\Azure Data Studio\bin;C:\Users\Data\AppData\Local\Programs\Microsoft VS Code\bin;C:\Users\Data\.dotnet\tools;C:\Users\Data\AppData\Roaming\npm;C:\Users\Data\Downloads\projet_ransomwareVF\projet_ransomware;
USERNAME=Data
OS=Windows_NT
PROCESSOR_IDENTIFIER=AMD64 Family 23 Model 17 Stepping 0, AuthenticAMD
TMP=C:\Users\Data\AppData\Local\Temp
TEMP=C:\Users\Data\AppData\Local\Temp



Periodic native trim disabled


---------------  S Y S T E M  ---------------

OS:
 Windows 11 , 64 bit Build 22621 (10.0.22621.457)
OS uptime: 0 days 22:31 hours
Hyper-V role detected

CPU: total 8 (initial active 8) (8 cores per cpu, 2 threads per core) family 23 model 17 stepping 0 microcode 0x0, cx8, cmov, fxsr, ht, mmx, 3dnowpref, sse, sse2, sse3, ssse3, sse4a, sse4.1, sse4.2, popcnt, lzcnt, tsc, tscinvbit, avx, avx2, aes, clmul, bmi1, bmi2, adx, sha, fma, vzeroupper, clflush, clflushopt, hv
Processor Information for all 8 processors :
  Max Mhz: 2000, Current Mhz: 2000, Mhz Limit: 2000

Memory: 4k page, system-wide physical 14291M (1532M free)
TotalPageFile size 26791M (AvailPageFile size 3M)
current process WorkingSet (physical memory assigned to process): 181M, peak: 209M
current process commit charge ("private bytes"): 221M, peak: 358M

vm_info: OpenJDK 64-Bit Server VM (17.0.9+9) for windows-amd64 JRE (17.0.9+9), built on Oct 26 2023 14:01:42 by "admin" with MS VC++ 16.10 / 16.11 (VS2019)

END.
